<?xml version="1.0" encoding="UTF-8"?>
<coverage generated="1655935285641" clover="3.2.0">
  <project timestamp="1655935285641" name="All files">
    <metrics statements="7" coveredstatements="7" conditionals="0" coveredconditionals="0" methods="4" coveredmethods="4" elements="11" coveredelements="11" complexity="0" loc="7" ncloc="7" packages="1" files="1" classes="1"/>
    <file name="Profile.js" path="/home/daniel_ss94/Documentos/Trybe/Projetos/sd-020-a-project-recipes-app/src/pages/Profile.js">
      <metrics statements="7" coveredstatements="7" conditionals="0" coveredconditionals="0" methods="4" coveredmethods="4"/>
      <line num="7" count="7" type="stmt"/>
      <line num="9" count="7" type="stmt"/>
      <line num="10" count="4" type="stmt"/>
      <line num="11" count="4" type="stmt"/>
      <line num="14" count="7" type="stmt"/>
      <line num="15" count="1" type="stmt"/>
      <line num="18" count="7" type="stmt"/>
    </file>
  </project>
</coverage>
